<?xml version="1.0" encoding="UTF-8"?>
<testsuite name="cl.desafio.loginey.PasswordValidatorTest" tests="2" skipped="0" failures="0" errors="0" timestamp="2023-10-12T15:47:59" hostname="DESKTOP-VBIOOJ6" time="0.007">
  <properties/>
  <testcase name="validarPassword()" classname="cl.desafio.loginey.PasswordValidatorTest" time="0.004"/>
  <testcase name="validarEmail()" classname="cl.desafio.loginey.PasswordValidatorTest" time="0.002"/>
  <system-out><![CDATA[2023-10-12 12:47:59.509  INFO 3644 --- [    Test worker] .b.t.c.SpringBootTestContextBootstrapper : Neither @ContextConfiguration nor @ContextHierarchy found for test class [cl.desafio.loginey.PasswordValidatorTest], using SpringBootContextLoader
2023-10-12 12:47:59.510  INFO 3644 --- [    Test worker] o.s.t.c.support.AbstractContextLoader    : Could not detect default resource locations for test class [cl.desafio.loginey.PasswordValidatorTest]: no resource found for suffixes {-context.xml, Context.groovy}.
2023-10-12 12:47:59.510  INFO 3644 --- [    Test worker] t.c.s.AnnotationConfigContextLoaderUtils : Could not detect default configuration classes for test class [cl.desafio.loginey.PasswordValidatorTest]: PasswordValidatorTest does not declare any static, non-private, non-final, nested classes annotated with @Configuration.
2023-10-12 12:47:59.512  INFO 3644 --- [    Test worker] .b.t.c.SpringBootTestContextBootstrapper : Found @SpringBootConfiguration cl.desafio.loginey.LoginEyApplication for test class cl.desafio.loginey.PasswordValidatorTest
2023-10-12 12:47:59.513  INFO 3644 --- [    Test worker] .b.t.c.SpringBootTestContextBootstrapper : Loaded default TestExecutionListener class names from location [META-INF/spring.factories]: [org.springframework.boot.test.autoconfigure.restdocs.RestDocsTestExecutionListener, org.springframework.boot.test.autoconfigure.web.client.MockRestServiceServerResetTestExecutionListener, org.springframework.boot.test.autoconfigure.web.servlet.MockMvcPrintOnlyOnFailureTestExecutionListener, org.springframework.boot.test.autoconfigure.web.servlet.WebDriverTestExecutionListener, org.springframework.boot.test.autoconfigure.webservices.client.MockWebServiceServerTestExecutionListener, org.springframework.boot.test.mock.mockito.MockitoTestExecutionListener, org.springframework.boot.test.mock.mockito.ResetMocksTestExecutionListener, org.springframework.test.context.web.ServletTestExecutionListener, org.springframework.test.context.support.DirtiesContextBeforeModesTestExecutionListener, org.springframework.test.context.event.ApplicationEventsTestExecutionListener, org.springframework.test.context.support.DependencyInjectionTestExecutionListener, org.springframework.test.context.support.DirtiesContextTestExecutionListener, org.springframework.test.context.transaction.TransactionalTestExecutionListener, org.springframework.test.context.jdbc.SqlScriptsTestExecutionListener, org.springframework.test.context.event.EventPublishingTestExecutionListener]
2023-10-12 12:47:59.514  INFO 3644 --- [    Test worker] .b.t.c.SpringBootTestContextBootstrapper : Using TestExecutionListeners: [org.springframework.test.context.web.ServletTestExecutionListener@2e7517aa, org.springframework.test.context.support.DirtiesContextBeforeModesTestExecutionListener@152035eb, org.springframework.test.context.event.ApplicationEventsTestExecutionListener@76105ac0, org.springframework.boot.test.mock.mockito.MockitoTestExecutionListener@3605ab16, org.springframework.boot.test.autoconfigure.SpringBootDependencyInjectionTestExecutionListener@30cb223b, org.springframework.test.context.support.DirtiesContextTestExecutionListener@24d0c6a4, org.springframework.test.context.transaction.TransactionalTestExecutionListener@50e24ea4, org.springframework.test.context.jdbc.SqlScriptsTestExecutionListener@4ba402b5, org.springframework.test.context.event.EventPublishingTestExecutionListener@22172b00, org.springframework.boot.test.autoconfigure.restdocs.RestDocsTestExecutionListener@d02c00, org.springframework.boot.test.autoconfigure.web.client.MockRestServiceServerResetTestExecutionListener@4205d5d0, org.springframework.boot.test.autoconfigure.web.servlet.MockMvcPrintOnlyOnFailureTestExecutionListener@29dfc68f, org.springframework.boot.test.autoconfigure.web.servlet.WebDriverTestExecutionListener@320ba79f, org.springframework.boot.test.autoconfigure.webservices.client.MockWebServiceServerTestExecutionListener@333a2df2, org.springframework.boot.test.mock.mockito.ResetMocksTestExecutionListener@5ffdd510]
]]></system-out>
  <system-err><![CDATA[]]></system-err>
</testsuite>
