<?xml version="1.0" encoding="UTF-8"?>
<testsuite name="cl.desafio.loginey.LoginEyApplicationTests" tests="1" skipped="0" failures="0" errors="0" timestamp="2023-10-12T15:47:59" hostname="DESKTOP-VBIOOJ6" time="0.055">
  <properties/>
  <testcase name="contextLoads()" classname="cl.desafio.loginey.LoginEyApplicationTests" time="0.055"/>
  <system-out><![CDATA[12:47:55.294 [Test worker] DEBUG org.springframework.test.context.BootstrapUtils - Instantiating CacheAwareContextLoaderDelegate from class [org.springframework.test.context.cache.DefaultCacheAwareContextLoaderDelegate]
12:47:55.303 [Test worker] DEBUG org.springframework.test.context.BootstrapUtils - Instantiating BootstrapContext using constructor [public org.springframework.test.context.support.DefaultBootstrapContext(java.lang.Class,org.springframework.test.context.CacheAwareContextLoaderDelegate)]
12:47:55.328 [Test worker] DEBUG org.springframework.test.context.BootstrapUtils - Instantiating TestContextBootstrapper for test class [cl.desafio.loginey.LoginEyApplicationTests] from class [org.springframework.boot.test.context.SpringBootTestContextBootstrapper]
12:47:55.336 [Test worker] INFO org.springframework.boot.test.context.SpringBootTestContextBootstrapper - Neither @ContextConfiguration nor @ContextHierarchy found for test class [cl.desafio.loginey.LoginEyApplicationTests], using SpringBootContextLoader
12:47:55.339 [Test worker] DEBUG org.springframework.test.context.support.AbstractContextLoader - Did not detect default resource location for test class [cl.desafio.loginey.LoginEyApplicationTests]: class path resource [cl/desafio/loginey/LoginEyApplicationTests-context.xml] does not exist
12:47:55.340 [Test worker] DEBUG org.springframework.test.context.support.AbstractContextLoader - Did not detect default resource location for test class [cl.desafio.loginey.LoginEyApplicationTests]: class path resource [cl/desafio/loginey/LoginEyApplicationTestsContext.groovy] does not exist
12:47:55.340 [Test worker] INFO org.springframework.test.context.support.AbstractContextLoader - Could not detect default resource locations for test class [cl.desafio.loginey.LoginEyApplicationTests]: no resource found for suffixes {-context.xml, Context.groovy}.
12:47:55.340 [Test worker] INFO org.springframework.test.context.support.AnnotationConfigContextLoaderUtils - Could not detect default configuration classes for test class [cl.desafio.loginey.LoginEyApplicationTests]: LoginEyApplicationTests does not declare any static, non-private, non-final, nested classes annotated with @Configuration.
12:47:55.371 [Test worker] DEBUG org.springframework.test.context.support.ActiveProfilesUtils - Could not find an 'annotation declaring class' for annotation type [org.springframework.test.context.ActiveProfiles] and class [cl.desafio.loginey.LoginEyApplicationTests]
12:47:55.427 [Test worker] DEBUG org.springframework.context.annotation.ClassPathScanningCandidateComponentProvider - Identified candidate component class: file [I:\1.- a Prueba EY\LoginEY\Back\LoginEY\build\classes\java\main\cl\desafio\loginey\LoginEyApplication.class]
12:47:55.429 [Test worker] INFO org.springframework.boot.test.context.SpringBootTestContextBootstrapper - Found @SpringBootConfiguration cl.desafio.loginey.LoginEyApplication for test class cl.desafio.loginey.LoginEyApplicationTests
12:47:55.503 [Test worker] DEBUG org.springframework.boot.test.context.SpringBootTestContextBootstrapper - @TestExecutionListeners is not present for class [cl.desafio.loginey.LoginEyApplicationTests]: using defaults.
12:47:55.503 [Test worker] INFO org.springframework.boot.test.context.SpringBootTestContextBootstrapper - Loaded default TestExecutionListener class names from location [META-INF/spring.factories]: [org.springframework.boot.test.autoconfigure.restdocs.RestDocsTestExecutionListener, org.springframework.boot.test.autoconfigure.web.client.MockRestServiceServerResetTestExecutionListener, org.springframework.boot.test.autoconfigure.web.servlet.MockMvcPrintOnlyOnFailureTestExecutionListener, org.springframework.boot.test.autoconfigure.web.servlet.WebDriverTestExecutionListener, org.springframework.boot.test.autoconfigure.webservices.client.MockWebServiceServerTestExecutionListener, org.springframework.boot.test.mock.mockito.MockitoTestExecutionListener, org.springframework.boot.test.mock.mockito.ResetMocksTestExecutionListener, org.springframework.test.context.web.ServletTestExecutionListener, org.springframework.test.context.support.DirtiesContextBeforeModesTestExecutionListener, org.springframework.test.context.event.ApplicationEventsTestExecutionListener, org.springframework.test.context.support.DependencyInjectionTestExecutionListener, org.springframework.test.context.support.DirtiesContextTestExecutionListener, org.springframework.test.context.transaction.TransactionalTestExecutionListener, org.springframework.test.context.jdbc.SqlScriptsTestExecutionListener, org.springframework.test.context.event.EventPublishingTestExecutionListener]
12:47:55.517 [Test worker] INFO org.springframework.boot.test.context.SpringBootTestContextBootstrapper - Using TestExecutionListeners: [org.springframework.test.context.web.ServletTestExecutionListener@648c94da, org.springframework.test.context.support.DirtiesContextBeforeModesTestExecutionListener@2a62b5bc, org.springframework.test.context.event.ApplicationEventsTestExecutionListener@53de625d, org.springframework.boot.test.mock.mockito.MockitoTestExecutionListener@535779e4, org.springframework.boot.test.autoconfigure.SpringBootDependencyInjectionTestExecutionListener@53fd0d10, org.springframework.test.context.support.DirtiesContextTestExecutionListener@6c0d9d86, org.springframework.test.context.transaction.TransactionalTestExecutionListener@4ce1d6d0, org.springframework.test.context.jdbc.SqlScriptsTestExecutionListener@24111ef1, org.springframework.test.context.event.EventPublishingTestExecutionListener@1f3f02ee, org.springframework.boot.test.autoconfigure.restdocs.RestDocsTestExecutionListener@1fde5d22, org.springframework.boot.test.autoconfigure.web.client.MockRestServiceServerResetTestExecutionListener@5dcb4f5f, org.springframework.boot.test.autoconfigure.web.servlet.MockMvcPrintOnlyOnFailureTestExecutionListener@71812481, org.springframework.boot.test.autoconfigure.web.servlet.WebDriverTestExecutionListener@16ce702d, org.springframework.boot.test.autoconfigure.webservices.client.MockWebServiceServerTestExecutionListener@7b94089b, org.springframework.boot.test.mock.mockito.ResetMocksTestExecutionListener@7ca20101]
12:47:55.520 [Test worker] DEBUG org.springframework.test.context.support.AbstractDirtiesContextTestExecutionListener - Before test class: context [DefaultTestContext@16fdec90 testClass = LoginEyApplicationTests, testInstance = [null], testMethod = [null], testException = [null], mergedContextConfiguration = [WebMergedContextConfiguration@1afdd473 testClass = LoginEyApplicationTests, locations = '{}', classes = '{class cl.desafio.loginey.LoginEyApplication}', contextInitializerClasses = '[]', activeProfiles = '{}', propertySourceLocations = '{}', propertySourceProperties = '{org.springframework.boot.test.context.SpringBootTestContextBootstrapper=true}', contextCustomizers = set[org.springframework.boot.test.autoconfigure.actuate.metrics.MetricsExportContextCustomizerFactory$DisableMetricExportContextCustomizer@302c971f, org.springframework.boot.test.autoconfigure.properties.PropertyMappingContextCustomizer@0, org.springframework.boot.test.autoconfigure.web.servlet.WebDriverContextCustomizerFactory$Customizer@65987993, org.springframework.boot.test.context.filter.ExcludeFilterContextCustomizer@6f53b8a, org.springframework.boot.test.json.DuplicateJsonObjectContextCustomizerFactory$DuplicateJsonObjectContextCustomizer@1a245833, org.springframework.boot.test.mock.mockito.MockitoContextCustomizer@0, org.springframework.boot.test.web.client.TestRestTemplateContextCustomizer@480d3575, org.springframework.boot.test.context.SpringBootTestArgs@1, org.springframework.boot.test.context.SpringBootTestWebEnvironment@65466a6a], resourceBasePath = 'src/main/webapp', contextLoader = 'org.springframework.boot.test.context.SpringBootContextLoader', parent = [null]], attributes = map['org.springframework.test.context.web.ServletTestExecutionListener.activateListener' -> true]], class annotated with @DirtiesContext [false] with mode [null].

  .   ____          _            __ _ _
 /\\ / ___'_ __ _ _(_)_ __  __ _ \ \ \ \
( ( )\___ | '_ | '_| | '_ \/ _` | \ \ \ \
 \\/  ___)| |_)| | | | | || (_| |  ) ) ) )
  '  |____| .__|_| |_|_| |_\__, | / / / /
 =========|_|==============|___/=/_/_/_/
 :: Spring Boot ::               (v2.7.16)

2023-10-12 12:47:55.778  INFO 3644 --- [    Test worker] c.d.loginey.LoginEyApplicationTests      : Starting LoginEyApplicationTests using Java 1.8.0_361 on DESKTOP-VBIOOJ6 with PID 3644 (started by KAKATO in I:\1.- a Prueba EY\LoginEY\Back\LoginEY)
2023-10-12 12:47:55.779  INFO 3644 --- [    Test worker] c.d.loginey.LoginEyApplicationTests      : No active profile set, falling back to 1 default profile: "default"
2023-10-12 12:47:56.373  INFO 3644 --- [    Test worker] .s.d.r.c.RepositoryConfigurationDelegate : Bootstrapping Spring Data JPA repositories in DEFAULT mode.
2023-10-12 12:47:56.422  INFO 3644 --- [    Test worker] .s.d.r.c.RepositoryConfigurationDelegate : Finished Spring Data repository scanning in 42 ms. Found 2 JPA repository interfaces.
2023-10-12 12:47:56.771  INFO 3644 --- [    Test worker] com.zaxxer.hikari.HikariDataSource       : dbEY - Starting...
2023-10-12 12:47:57.002  INFO 3644 --- [    Test worker] com.zaxxer.hikari.HikariDataSource       : dbEY - Start completed.
2023-10-12 12:47:57.152  INFO 3644 --- [    Test worker] o.hibernate.jpa.internal.util.LogHelper  : HHH000204: Processing PersistenceUnitInfo [name: default]
2023-10-12 12:47:57.192  INFO 3644 --- [    Test worker] org.hibernate.Version                    : HHH000412: Hibernate ORM core version 5.6.15.Final
2023-10-12 12:47:57.330  INFO 3644 --- [    Test worker] o.hibernate.annotations.common.Version   : HCANN000001: Hibernate Commons Annotations {5.1.2.Final}
2023-10-12 12:47:57.441  INFO 3644 --- [    Test worker] org.hibernate.dialect.Dialect            : HHH000400: Using dialect: org.hibernate.dialect.H2Dialect
2023-10-12 12:47:57.972  INFO 3644 --- [    Test worker] o.h.e.t.j.p.i.JtaPlatformInitiator       : HHH000490: Using JtaPlatform implementation: [org.hibernate.engine.transaction.jta.platform.internal.NoJtaPlatform]
2023-10-12 12:47:57.980  INFO 3644 --- [    Test worker] j.LocalContainerEntityManagerFactoryBean : Initialized JPA EntityManagerFactory for persistence unit 'default'
2023-10-12 12:47:58.672  WARN 3644 --- [    Test worker] JpaBaseConfiguration$JpaWebConfiguration : spring.jpa.open-in-view is enabled by default. Therefore, database queries may be performed during view rendering. Explicitly configure spring.jpa.open-in-view to disable this warning
2023-10-12 12:47:58.766  INFO 3644 --- [    Test worker] o.s.b.a.h2.H2ConsoleAutoConfiguration    : H2 console available at '/h2-console'. Database available at 'jdbc:h2:mem:dbEY'
2023-10-12 12:47:59.037  INFO 3644 --- [    Test worker] o.s.s.web.DefaultSecurityFilterChain     : Will secure any request with [org.springframework.security.web.session.DisableEncodeUrlFilter@11ce9319, org.springframework.security.web.context.request.async.WebAsyncManagerIntegrationFilter@780c0, org.springframework.security.web.context.SecurityContextPersistenceFilter@19d3f6ad, org.springframework.security.web.header.HeaderWriterFilter@647ff23e, org.springframework.web.filter.CorsFilter@1b3bb287, org.springframework.security.web.authentication.logout.LogoutFilter@507f47f9, cl.desafio.loginey.jwt.JwtAuthenticationFilter@65ef9a0a, org.springframework.security.web.savedrequest.RequestCacheAwareFilter@19e801b5, org.springframework.security.web.servletapi.SecurityContextHolderAwareRequestFilter@645d4639, org.springframework.security.web.authentication.AnonymousAuthenticationFilter@7ec5aad, org.springframework.security.web.session.SessionManagementFilter@2f75a9b1, org.springframework.security.web.access.ExceptionTranslationFilter@2c0fefac, org.springframework.security.web.access.intercept.AuthorizationFilter@538905d2]
2023-10-12 12:47:59.435  INFO 3644 --- [    Test worker] c.d.loginey.LoginEyApplicationTests      : Started LoginEyApplicationTests in 3.889 seconds (JVM running for 4.965)
]]></system-out>
  <system-err><![CDATA[]]></system-err>
</testsuite>
